<html>
<body>
<pre>
<h1>Vision Build Log</h1>
<h2>Project:</h2>
F:\CAN_code\8-2 CAN两个节点（两块CAN开发板）\main.uvproj
Project File Date:  07/19/2016

<h2>Output:</h2>
Build target 'Target 1'
assembling STARTUP.A51...
compiling main.c...
compiling temp.c...
TEMP.C(77): warning C206: 'Display': missing function-prototype
TEMP.C(77): error C267: 'Display': requires ANSI-style prototype
Target not created
Build target 'Target 1'
assembling STARTUP.A51...
compiling main.c...
compiling temp.c...
TEMP.C(94): warning C206: 'Display': missing function-prototype
TEMP.C(94): error C267: 'Display': requires ANSI-style prototype
Target not created
Build target 'Target 1'
assembling STARTUP.A51...
compiling main.c...
compiling temp.c...
linking...
*** ERROR L104: MULTIPLE PUBLIC DEFINITIONS
    SYMBOL:  TEMPL
    MODULE:  temp.obj (TEMP)
*** ERROR L104: MULTIPLE PUBLIC DEFINITIONS
    SYMBOL:  TEMPH
    MODULE:  temp.obj (TEMP)
*** WARNING L16: UNCALLED SEGMENT, IGNORED FOR OVERLAY PROCESS
    SEGMENT: ?PR?TEMP2RXDDATA?MAIN
*** WARNING L16: UNCALLED SEGMENT, IGNORED FOR OVERLAY PROCESS
    SEGMENT: ?PR?LED_DISP_SEG7?MAIN
Program Size: data=49.1 xdata=0 code=982
Target not created
Build target 'Target 1'
assembling STARTUP.A51...
compiling main.c...
compiling temp.c...
linking...
*** WARNING L16: UNCALLED SEGMENT, IGNORED FOR OVERLAY PROCESS
    SEGMENT: ?PR?TEMP2RXDDATA?MAIN
*** WARNING L16: UNCALLED SEGMENT, IGNORED FOR OVERLAY PROCESS
    SEGMENT: ?PR?LED_DISP_SEG7?MAIN
Program Size: data=47.1 xdata=0 code=982
creating hex file from "main"...
"main" - 0 Error(s), 2 Warning(s).
